<?xml version="1.0" encoding="UTF-8"?>
<!-- Generated by org.testng.reporters.JUnitXMLReporter -->
<testsuite ignored="0" hostname="Nkosi" failures="0" tests="4" name="Rest-AssuredFramework_2024" time="12.808" errors="0" timestamp="2024-11-18T18:14:12 SAST">
  <testcase classname="api.test.UserTests" name="testPostUser" time="5.424"/>
  <testcase classname="api.test.UserTests" name="testGetUserByName" time="1.372"/>
  <testcase classname="api.test.UserTests" name="testUpdateUserByName" time="2.693"/>
  <testcase classname="api.test.UserTests" name="testDeleteUserByName" time="1.258"/>
</testsuite> <!-- Rest-AssuredFramework_2024 -->
